<?xml version="1.0" encoding="UTF-8"?>
<testng-results skipped="0" failed="0" ignored="0" total="3" passed="3">
  <reporter-output>
  </reporter-output>
  <suite name="用户管理系统测试套件" duration-ms="3137" started-at="2019-05-16T12:41:53Z" finished-at="2019-05-16T12:41:56Z">
    <groups>
      <group name="loginTrue">
        <method signature="LoginTest.loginTrue()[pri:0, instance:com.course.cases.LoginTest@129a8472]" name="loginTrue" class="com.course.cases.LoginTest"/>
      </group> <!-- loginTrue -->
    </groups>
    <test name="用户管理系统测试用例" duration-ms="3137" started-at="2019-05-16T12:41:53Z" finished-at="2019-05-16T12:41:56Z">
      <class name="com.course.cases.LoginTest">
        <test-method status="PASS" signature="beforeTest()[pri:0, instance:com.course.cases.LoginTest@129a8472]" name="beforeTest" is-config="true" duration-ms="44" started-at="2019-05-16T20:41:53Z" description="娴嬭瘯鍑嗗宸ヤ綔,鑾峰彇HttpClient瀵硅薄" finished-at="2019-05-16T20:41:53Z">
          <reporter-output>
          </reporter-output>
        </test-method> <!-- beforeTest -->
        <test-method status="PASS" signature="loginTrue()[pri:0, instance:com.course.cases.LoginTest@129a8472]" name="loginTrue" duration-ms="931" started-at="2019-05-16T20:41:53Z" description="鐢ㄦ埛鎴愬姛鐧婚檰鎺ュ彛" finished-at="2019-05-16T20:41:54Z">
          <reporter-output>
          </reporter-output>
        </test-method> <!-- loginTrue -->
        <test-method status="PASS" signature="loginFalse()[pri:0, instance:com.course.cases.LoginTest@129a8472]" name="loginFalse" duration-ms="67" started-at="2019-05-16T20:41:54Z" description="鐢ㄦ埛鐧婚檰澶辫触鎺ュ彛" finished-at="2019-05-16T20:41:54Z">
          <reporter-output>
          </reporter-output>
        </test-method> <!-- loginFalse -->
      </class> <!-- com.course.cases.LoginTest -->
      <class name="com.course.cases.GetUserInfoTest">
        <test-method status="PASS" signature="getUserInfo()[pri:0, instance:com.course.cases.GetUserInfoTest@1b0375b3]" name="getUserInfo" duration-ms="2076" depends-on-groups="loginTrue" started-at="2019-05-16T20:41:54Z" description="鑾峰彇userId涓�1鐨勭敤鎴蜂俊鎭�" finished-at="2019-05-16T20:41:56Z">
          <reporter-output>
          </reporter-output>
        </test-method> <!-- getUserInfo -->
      </class> <!-- com.course.cases.GetUserInfoTest -->
    </test> <!-- 用户管理系统测试用例 -->
  </suite> <!-- 用户管理系统测试套件 -->
</testng-results>
