<?xml version="1.0" encoding="UTF-8"?>
<!-- Generated by org.testng.reporters.JUnitXMLReporter -->
<testsuite hostname="asus-pc" ignored="1" name="用户管理系统测试用例" tests="5" failures="0" timestamp="16 五月 2019 03:46:12 GMT" time="9.022" errors="0">
  <testcase name="loginTrue" time="2.322" classname="com.course.cases.LoginTest"/>
  <testcase name="loginFalse" time="0.12" classname="com.course.cases.LoginTest"/>
  <testcase name="addUser" time="2.145" classname="com.course.cases.AddUserTest"/>
  <testcase name="getUserInfo" time="2.103" classname="com.course.cases.GetUserInfoTest"/>
  <testcase name="updateUserInfo" time="2.18" classname="com.course.cases.UpdateUserInfoTest"/>
  <testcase name="deleteUser" time="0.0" classname="com.course.cases.UpdateUserInfoTest">
    <ignored/>
  </testcase> <!-- deleteUser -->
</testsuite> <!-- 用户管理系统测试用例 -->
