<?xml version="1.0" encoding="UTF-8"?>
<!-- Generated by org.testng.reporters.JUnitXMLReporter -->
<testsuite hostname="asus-pc" ignored="0" name="用户管理系统测试用例" tests="3" failures="0" timestamp="16 五月 2019 12:41:56 GMT" time="3.137" errors="0">
  <testcase name="loginTrue" time="0.931" classname="com.course.cases.LoginTest"/>
  <testcase name="loginFalse" time="0.067" classname="com.course.cases.LoginTest"/>
  <testcase name="getUserInfo" time="2.076" classname="com.course.cases.GetUserInfoTest"/>
</testsuite> <!-- 用户管理系统测试用例 -->
